<?xml version="1.0" encoding="UTF-8"?>
<!-- Generated by org.testng.reporters.JUnitReportReporter -->
<testsuite hostname="EVN-D-W-0008" name="testGoogle.NewTest" tests="1" failures="0" timestamp="15 Aug 2018 08:02:24 GMT" time="33.267" errors="0">
  <testcase name="searchHotelWithoutDate" time="33.267" classname="testGoogle.NewTest"/>
</testsuite> <!-- testGoogle.NewTest -->
